Build started 2017-01-09 11:22:48.
     1>Project "C:\Users\Pawel\Desktop\komiwojazer_projekt\KOM\KOM.vcxproj" on node 2 (Build target(s)).
     1>C:\Program Files (x86)\MSBuild\Microsoft.Cpp\v4.0\V120\Microsoft.CppBuild.targets(381,5): warning MSB8028: The intermediate directory (Debug\) contains files shared from another project (KOM.vcxproj).  This can lead to incorrect clean and rebuild behavior.
     1>ClCompile:
         G:\Visual\VC\bin\CL.exe /c /IC:\Users\sobieraj95\Desktop\komiwojazer_projekt\SMFL\include /ZI /nologo /W3 /WX- /sdl /Od /Oy- /D WIN32 /D _DEBUG /D _CONSOLE /D _LIB /D _UNICODE /D UNICODE /Gm /EHsc /RTC1 /MDd /GS /fp:precise /Zc:wchar_t /Zc:forScope /Fo"Debug\\" /Fd"Debug\vc120.pdb" /Gd /TP /analyze- /errorReport:prompt main.cpp
         main.cpp
     1>c:\users\pawel\desktop\komiwojazer_projekt\kom\main.cpp(1): error C2007: #define syntax
     1>c:\users\pawel\desktop\komiwojazer_projekt\kom\main.cpp(11): error C2871: 'sf' : a namespace with this name does not exist
     1>c:\users\pawel\desktop\komiwojazer_projekt\kom\main.cpp(19): error C2653: 'sf' : is not a class or namespace name
     1>c:\users\pawel\desktop\komiwojazer_projekt\kom\main.cpp(19): error C2065: 'Font' : undeclared identifier
     1>c:\users\pawel\desktop\komiwojazer_projekt\kom\main.cpp(19): error C2146: syntax error : missing ';' before identifier 'font'
     1>c:\users\pawel\desktop\komiwojazer_projekt\kom\main.cpp(19): error C2065: 'font' : undeclared identifier
     1>c:\users\pawel\desktop\komiwojazer_projekt\kom\main.cpp(20): error C2065: 'font' : undeclared identifier
     1>c:\users\pawel\desktop\komiwojazer_projekt\kom\main.cpp(20): error C2228: left of '.loadFromFile' must have class/struct/union
                 type is 'unknown-type'
     1>c:\users\pawel\desktop\komiwojazer_projekt\kom\main.cpp(22): error C2653: 'sf' : is not a class or namespace name
     1>c:\users\pawel\desktop\komiwojazer_projekt\kom\main.cpp(22): error C2065: 'Text' : undeclared identifier
     1>c:\users\pawel\desktop\komiwojazer_projekt\kom\main.cpp(22): error C2146: syntax error : missing ';' before identifier 'text2'
     1>c:\users\pawel\desktop\komiwojazer_projekt\kom\main.cpp(22): error C2065: 'text2' : undeclared identifier
     1>c:\users\pawel\desktop\komiwojazer_projekt\kom\main.cpp(23): error C2065: 'text2' : undeclared identifier
     1>c:\users\pawel\desktop\komiwojazer_projekt\kom\main.cpp(23): error C2228: left of '.setString' must have class/struct/union
                 type is 'unknown-type'
     1>c:\users\pawel\desktop\komiwojazer_projekt\kom\main.cpp(24): error C2065: 'text2' : undeclared identifier
     1>c:\users\pawel\desktop\komiwojazer_projekt\kom\main.cpp(24): error C2228: left of '.setFont' must have class/struct/union
                 type is 'unknown-type'
     1>c:\users\pawel\desktop\komiwojazer_projekt\kom\main.cpp(24): error C2065: 'font' : undeclared identifier
     1>c:\users\pawel\desktop\komiwojazer_projekt\kom\main.cpp(25): error C2065: 'text2' : undeclared identifier
     1>c:\users\pawel\desktop\komiwojazer_projekt\kom\main.cpp(25): error C2228: left of '.setCharacterSize' must have class/struct/union
                 type is 'unknown-type'
     1>c:\users\pawel\desktop\komiwojazer_projekt\kom\main.cpp(26): error C2065: 'text2' : undeclared identifier
     1>c:\users\pawel\desktop\komiwojazer_projekt\kom\main.cpp(26): error C2228: left of '.setPosition' must have class/struct/union
                 type is 'unknown-type'
     1>c:\users\pawel\desktop\komiwojazer_projekt\kom\main.cpp(27): error C2065: 'text2' : undeclared identifier
     1>c:\users\pawel\desktop\komiwojazer_projekt\kom\main.cpp(27): error C2228: left of '.setColor' must have class/struct/union
                 type is 'unknown-type'
     1>c:\users\pawel\desktop\komiwojazer_projekt\kom\main.cpp(27): error C2653: 'sf' : is not a class or namespace name
     1>c:\users\pawel\desktop\komiwojazer_projekt\kom\main.cpp(27): error C2065: 'Black' : undeclared identifier
     1>c:\users\pawel\desktop\komiwojazer_projekt\kom\main.cpp(29): error C2653: 'sf' : is not a class or namespace name
     1>c:\users\pawel\desktop\komiwojazer_projekt\kom\main.cpp(29): error C2065: 'Text' : undeclared identifier
     1>c:\users\pawel\desktop\komiwojazer_projekt\kom\main.cpp(29): error C2146: syntax error : missing ';' before identifier 'text'
     1>c:\users\pawel\desktop\komiwojazer_projekt\kom\main.cpp(29): error C2065: 'text' : undeclared identifier
     1>c:\users\pawel\desktop\komiwojazer_projekt\kom\main.cpp(30): error C2065: 'text' : undeclared identifier
     1>c:\users\pawel\desktop\komiwojazer_projekt\kom\main.cpp(30): error C2228: left of '.setFont' must have class/struct/union
                 type is 'unknown-type'
     1>c:\users\pawel\desktop\komiwojazer_projekt\kom\main.cpp(30): error C2065: 'font' : undeclared identifier
     1>c:\users\pawel\desktop\komiwojazer_projekt\kom\main.cpp(31): error C2065: 'text' : undeclared identifier
     1>c:\users\pawel\desktop\komiwojazer_projekt\kom\main.cpp(31): error C2228: left of '.setCharacterSize' must have class/struct/union
                 type is 'unknown-type'
     1>c:\users\pawel\desktop\komiwojazer_projekt\kom\main.cpp(32): error C2065: 'text' : undeclared identifier
     1>c:\users\pawel\desktop\komiwojazer_projekt\kom\main.cpp(32): error C2228: left of '.setPosition' must have class/struct/union
                 type is 'unknown-type'
     1>c:\users\pawel\desktop\komiwojazer_projekt\kom\main.cpp(33): error C2065: 'text' : undeclared identifier
     1>c:\users\pawel\desktop\komiwojazer_projekt\kom\main.cpp(33): error C2228: left of '.setColor' must have class/struct/union
                 type is 'unknown-type'
     1>c:\users\pawel\desktop\komiwojazer_projekt\kom\main.cpp(33): error C2653: 'sf' : is not a class or namespace name
     1>c:\users\pawel\desktop\komiwojazer_projekt\kom\main.cpp(33): error C2065: 'Black' : undeclared identifier
     1>c:\users\pawel\desktop\komiwojazer_projekt\kom\main.cpp(37): error C2653: 'sf' : is not a class or namespace name
     1>c:\users\pawel\desktop\komiwojazer_projekt\kom\main.cpp(37): error C2065: 'RenderWindow' : undeclared identifier
     1>c:\users\pawel\desktop\komiwojazer_projekt\kom\main.cpp(37): error C2146: syntax error : missing ';' before identifier 'win'
     1>c:\users\pawel\desktop\komiwojazer_projekt\kom\main.cpp(37): error C2653: 'Style' : is not a class or namespace name
     1>c:\users\pawel\desktop\komiwojazer_projekt\kom\main.cpp(37): error C2065: 'Close' : undeclared identifier
     1>c:\users\pawel\desktop\komiwojazer_projekt\kom\main.cpp(37): error C3861: 'win': identifier not found
     1>c:\users\pawel\desktop\komiwojazer_projekt\kom\main.cpp(37): error C3861: 'VideoMode': identifier not found
     1>c:\users\pawel\desktop\komiwojazer_projekt\kom\main.cpp(38): error C2065: 'win' : undeclared identifier
     1>c:\users\pawel\desktop\komiwojazer_projekt\kom\main.cpp(38): error C2228: left of '.isOpen' must have class/struct/union
                 type is 'unknown-type'
     1>c:\users\pawel\desktop\komiwojazer_projekt\kom\main.cpp(38): fatal error C1903: unable to recover from previous error(s); stopping compilation
     1>Done Building Project "C:\Users\Pawel\Desktop\komiwojazer_projekt\KOM\KOM.vcxproj" (Build target(s)) -- FAILED.

Build FAILED.

Time Elapsed 00:00:08.59
